Determining if the pthread_create exist failed with the following output:
Change Dir: /home/jbs/mavros_ws/src/rotors_simulator/image_tracking/cmake-build-debug/CMakeFiles/CMakeTmp

Run Build Command:"/usr/bin/make" "cmTC_9c905/fast"
/usr/bin/make -f CMakeFiles/cmTC_9c905.dir/build.make CMakeFiles/cmTC_9c905.dir/build
make[1]: Entering directory '/home/jbs/mavros_ws/src/rotors_simulator/image_tracking/cmake-build-debug/CMakeFiles/CMakeTmp'
Building C object CMakeFiles/cmTC_9c905.dir/CheckSymbolExists.c.o
/usr/bin/cc    -o CMakeFiles/cmTC_9c905.dir/CheckSymbolExists.c.o   -c /home/jbs/mavros_ws/src/rotors_simulator/image_tracking/cmake-build-debug/CMakeFiles/CMakeTmp/CheckSymbolExists.c
Linking C executable cmTC_9c905
/home/jbs/Downloads/clion-2017.3.4/bin/cmake/bin/cmake -E cmake_link_script CMakeFiles/cmTC_9c905.dir/link.txt --verbose=1
/usr/bin/cc      -rdynamic CMakeFiles/cmTC_9c905.dir/CheckSymbolExists.c.o  -o cmTC_9c905 
CMakeFiles/cmTC_9c905.dir/CheckSymbolExists.c.o: In function `main':
CheckSymbolExists.c:(.text+0x16): undefined reference to `pthread_create'
collect2: error: ld returned 1 exit status
CMakeFiles/cmTC_9c905.dir/build.make:97: recipe for target 'cmTC_9c905' failed
make[1]: *** [cmTC_9c905] Error 1
make[1]: Leaving directory '/home/jbs/mavros_ws/src/rotors_simulator/image_tracking/cmake-build-debug/CMakeFiles/CMakeTmp'
Makefile:126: recipe for target 'cmTC_9c905/fast' failed
make: *** [cmTC_9c905/fast] Error 2

File /home/jbs/mavros_ws/src/rotors_simulator/image_tracking/cmake-build-debug/CMakeFiles/CMakeTmp/CheckSymbolExists.c:
/* */
#include <pthread.h>

int main(int argc, char** argv)
{
  (void)argv;
#ifndef pthread_create
  return ((int*)(&pthread_create))[argc];
#else
  (void)argc;
  return 0;
#endif
}

Determining if the function pthread_create exists in the pthreads failed with the following output:
Change Dir: /home/jbs/mavros_ws/src/rotors_simulator/image_tracking/cmake-build-debug/CMakeFiles/CMakeTmp

Run Build Command:"/usr/bin/make" "cmTC_533c7/fast"
/usr/bin/make -f CMakeFiles/cmTC_533c7.dir/build.make CMakeFiles/cmTC_533c7.dir/build
make[1]: Entering directory '/home/jbs/mavros_ws/src/rotors_simulator/image_tracking/cmake-build-debug/CMakeFiles/CMakeTmp'
Building C object CMakeFiles/cmTC_533c7.dir/CheckFunctionExists.c.o
/usr/bin/cc   -DCHECK_FUNCTION_EXISTS=pthread_create   -o CMakeFiles/cmTC_533c7.dir/CheckFunctionExists.c.o   -c /home/jbs/Downloads/clion-2017.3.4/bin/cmake/share/cmake-3.9/Modules/CheckFunctionExists.c
Linking C executable cmTC_533c7
/home/jbs/Downloads/clion-2017.3.4/bin/cmake/bin/cmake -E cmake_link_script CMakeFiles/cmTC_533c7.dir/link.txt --verbose=1
/usr/bin/cc  -DCHECK_FUNCTION_EXISTS=pthread_create    -rdynamic CMakeFiles/cmTC_533c7.dir/CheckFunctionExists.c.o  -o cmTC_533c7 -lpthreads 
/usr/bin/ld: cannot find -lpthreads
collect2: error: ld returned 1 exit status
CMakeFiles/cmTC_533c7.dir/build.make:97: recipe for target 'cmTC_533c7' failed
make[1]: *** [cmTC_533c7] Error 1
make[1]: Leaving directory '/home/jbs/mavros_ws/src/rotors_simulator/image_tracking/cmake-build-debug/CMakeFiles/CMakeTmp'
Makefile:126: recipe for target 'cmTC_533c7/fast' failed
make: *** [cmTC_533c7/fast] Error 2


